The length of the time series is 256. No periodic fluctuations observed, showing no periodic fluctuation. The overall noise standard deviation is around 0.00, very small compared the overall change of the curve. The curve is overall smooth with almost no noise. In terms of the trend and changes of this time series: At the beginning, from point 0 to 88, the time series increase with values from -12.43 to 10.30, and then the trend of the time series changes to decrease; from point 88 to 166, the time series decrease with values from 10.30 to 2.84, and then the trend of the time series changes to increase; finally, from point 166 to 255, the time series increase with values from 2.84 to 5.85. Specific data details: The time series is divided into 32 segments, with the approximate mean values for each 8-point interval being: [-10.89, -7.5, -4.32, -1.37, 1.3, 3.69, 5.75, 7.46, 8.79, 9.72, 10.21, 10.24, 9.85, 9.13, 8.17, 7.07, 5.93, 4.85, 3.91, 3.23, 2.88, 2.85, 2.86, 2.89, 2.96, 3.07, 3.25, 3.5, 3.84, 4.28, 4.84, 5.52]. The maximum value of the entire series is 10.3, and the minimum value is -12.43. The start value is -12.43, the end value if 5.85. The value of point 174 is 2.85. The value of point 57 is 6.98. The value of point 150 is 3.66. The value of point 222 is 3.59. The value of point 80 is 10.07. 

========== Complete Attribute Pool ==========
{'seasonal': {'type': 'no periodic fluctuation',
              'segments': [],
              'detail': 'No periodic fluctuations observed, showing no '
                        'periodic fluctuation. '},
 'trend': {'type': 'multiple',
           'detail': 'From the perspective of the slope, the overall trend '
                     'contains multiple different segments: From point 0 to '
                     'point 88, there is an increasing trend. From point 88 to '
                     'point 166, there is a decreasing trend. From point 166 '
                     'to point 255, there is an increasing trend.The value of '
                     'time series starts from around -12.43 and ends at around '
                     '5.85, with an overall amplitude of 18.28. ',
           'trend_list': [('increase', 0, 88),
                          ('decrease', 88, 166),
                          ('increase', 166, 255)],
           'start': -12.43,
           'amplitude': 18.28},
 'local': [],
 'frequency': {'type': 'no periodicity',
               'period': 0.0,
               'detail': 'No significant periodic fluctuations observed, '
                         'overall almost no periodicity. '},
 'noise': {'type': 'almost no noise',
           'std': 0.0,
           'detail': 'The overall noise standard deviation is around 0.00, '
                     'very small compared the overall change of the curve. The '
                     'curve is overall smooth with almost no noise. '},
 'seq_len': 256,
 'overall_amplitude': 16.45,
 'overall_bias': -68.8,
 'statistics': {'mean': 4.0,
                'std': 4.73,
                'max': 10.3,
                'min': -12.43,
                'max_pos': 88,
                'min_pos': 0}}

Figure saved to: /root/autodl-tmp/ChatTS/reproduction_logs/demo_ts_generator_sample.png
Generator demo PASSED
